Arguments: 
  C:\Program Files\nodejs\node.exe C:\Users\lg99001\AppData\Roaming\npm\node_modules\yarn\bin\yarn.js init

PATH: 
  C:\Program Files\Git\mingw64\bin;C:\Program Files\Git\usr\bin;C:\Users\lg99001\bin;C:\Windows\system32;C:\Windows;C:\Windows\System32\Wbem;C:\Windows\System32\WindowsPowerShell\v1.0;C:\Windows\CCM;C:\Windows\system32\config\systemprofile\AppData\Local\Microsoft\WindowsApps;C:\Program Files\Siemens\Teamcenter11.4\Visualization\Products\Mockup\ClearanceDB;C:\Program Files (x86)\PuTTY;C:\Users\Default\AppData\Local\Microsoft\WindowsApps;C:\Program Files\IDM Computer Solutions\UltraEdit;C:\Program Files\Java\jdk1.8.0_171\bin;C:\Program Files\apache-maven-3.3.9\bin;C:\Program Files\MySQL\bin;C:\Program Files\TortoiseSVN\bin;C:\Program Files\apache-maven-3.3.9\bin;C:\Program Files\Git\cmd;C:\Users\lg99001\AppData\Roaming\npm;%NVM_HOME%;%NVM_SYMLINK%;C:\PROGRA~1\IBM\SQLLIB\BIN;C:\PROGRA~1\IBM\SQLLIB\FUNCTION;C:\PROGRA~1\IBM\SQLLIB\SAMPLES\REPL;C:\Users\lg99001\AppData\Local\Microsoft\WindowsApps;C:\Users\lg99001\AppData\Local\Programs\Microsoft VS Code\bin;C:\Users\lg99001\AppData\Roaming\nvm;C:\Program Files\nodejs

Yarn version: 
  1.17.3

Node version: 
  12.2.0

Platform: 
  win32 x64

Trace: 
  Error: canceled
      at Interface.<anonymous> (C:\Users\lg99001\AppData\Roaming\npm\node_modules\yarn\lib\cli.js:136724:13)
      at Interface.emit (events.js:196:13)
      at Interface._ttyWrite (readline.js:877:16)
      at ReadStream.onkeypress (readline.js:189:10)
      at ReadStream.emit (events.js:196:13)
      at emitKeys (internal/readline.js:424:14)
      at emitKeys.next (<anonymous>)
      at ReadStream.onData (readline.js:1145:36)
      at ReadStream.emit (events.js:196:13)
      at addChunk (_stream_readable.js:290:12)

npm manifest: 
  No manifest

yarn manifest: 
  No manifest

Lockfile: 
  No lockfile
